  HighpassFilter.cpp
c:\users\jack\documents\github\digital_sound_generation_project\digital_sound_generation_project\digital_sound_generation_project\highpassfilter.h(11): warning C4305: 'initializing': truncation from 'double' to 'float'
c:\users\jack\documents\github\digital_sound_generation_project\digital_sound_generation_project\digital_sound_generation_project\highpassfilter.h(12): warning C4305: 'initializing': truncation from 'double' to 'float'
c:\users\jack\documents\github\digital_sound_generation_project\digital_sound_generation_project\digital_sound_generation_project\highpassfilter.cpp(13): warning C4244: 'initializing': conversion from 'double' to 'float', possible loss of data
  main.cpp
c:\users\jack\documents\github\digital_sound_generation_project\digital_sound_generation_project\digital_sound_generation_project\splitter.h(6): warning C4018: '<': signed/unsigned mismatch
c:\users\jack\documents\github\digital_sound_generation_project\digital_sound_generation_project\digital_sound_generation_project\note.h(18): warning C4244: 'return': conversion from 'float' to 'int', possible loss of data
c:\users\jack\documents\github\digital_sound_generation_project\digital_sound_generation_project\digital_sound_generation_project\lowpassfilter.h(10): warning C4305: 'initializing': truncation from 'double' to 'float'
c:\users\jack\documents\github\digital_sound_generation_project\digital_sound_generation_project\digital_sound_generation_project\lowpassfilter.h(11): warning C4305: 'initializing': truncation from 'double' to 'float'
c:\users\jack\documents\github\digital_sound_generation_project\digital_sound_generation_project\digital_sound_generation_project\highpassfilter.h(11): warning C4305: 'initializing': truncation from 'double' to 'float'
c:\users\jack\documents\github\digital_sound_generation_project\digital_sound_generation_project\digital_sound_generation_project\highpassfilter.h(12): warning C4305: 'initializing': truncation from 'double' to 'float'
c:\users\jack\documents\github\digital_sound_generation_project\digital_sound_generation_project\digital_sound_generation_project\main.cpp(51): warning C4244: 'initializing': conversion from 'std::streamoff' to 'size_t', possible loss of data
c:\users\jack\documents\github\digital_sound_generation_project\digital_sound_generation_project\digital_sound_generation_project\main.cpp(54): warning C4244: 'initializing': conversion from 'double' to 'int', possible loss of data
c:\users\jack\documents\github\digital_sound_generation_project\digital_sound_generation_project\digital_sound_generation_project\main.cpp(74): warning C4244: 'initializing': conversion from 'double' to 'float', possible loss of data
c:\users\jack\documents\github\digital_sound_generation_project\digital_sound_generation_project\digital_sound_generation_project\main.cpp(92): warning C4244: 'initializing': conversion from 'float' to 'int', possible loss of data
c:\users\jack\documents\github\digital_sound_generation_project\digital_sound_generation_project\digital_sound_generation_project\main.cpp(93): warning C4244: 'initializing': conversion from 'float' to 'int', possible loss of data
c:\users\jack\documents\github\digital_sound_generation_project\digital_sound_generation_project\digital_sound_generation_project\main.cpp(105): warning C4305: 'argument': truncation from 'double' to 'float'
c:\users\jack\documents\github\digital_sound_generation_project\digital_sound_generation_project\digital_sound_generation_project\main.cpp(120): warning C4244: '=': conversion from 'float' to 'int', possible loss of data
c:\users\jack\documents\github\digital_sound_generation_project\digital_sound_generation_project\digital_sound_generation_project\main.cpp(127): warning C4244: 'argument': conversion from 'const double' to 'int', possible loss of data
c:\users\jack\documents\github\digital_sound_generation_project\digital_sound_generation_project\digital_sound_generation_project\main.cpp(127): warning C4244: '=': conversion from 'float' to 'int', possible loss of data
c:\users\jack\documents\github\digital_sound_generation_project\digital_sound_generation_project\digital_sound_generation_project\main.cpp(148): warning C4244: '=': conversion from 'double' to 'int', possible loss of data
c:\users\jack\documents\github\digital_sound_generation_project\digital_sound_generation_project\digital_sound_generation_project\main.cpp(152): warning C4244: '=': conversion from 'double' to 'int', possible loss of data
c:\users\jack\documents\github\digital_sound_generation_project\digital_sound_generation_project\digital_sound_generation_project\main.cpp(153): warning C4244: '=': conversion from 'double' to 'int', possible loss of data
c:\users\jack\documents\github\digital_sound_generation_project\digital_sound_generation_project\digital_sound_generation_project\main.cpp(165): warning C4244: 'initializing': conversion from 'std::streamoff' to 'size_t', possible loss of data
c:\users\jack\documents\github\digital_sound_generation_project\digital_sound_generation_project\digital_sound_generation_project\main.cpp(67): warning C4101: 'newFreq': unreferenced local variable
c:\users\jack\documents\github\digital_sound_generation_project\digital_sound_generation_project\digital_sound_generation_project\main.cpp(68): warning C4101: 'secondFreq': unreferenced local variable
  Generating Code...
  Digital_sound_generation_project.vcxproj -> C:\Users\Jack\Documents\GitHub\Digital_sound_generation_project\Digital_sound_generation_project\Debug\Digital_sound_generation_project.exe
