  main.cpp
c:\users\jack\documents\github\digital_sound_generation_project\digital_sound_generation_project\digital_sound_generation_project\note.h(6): warning C4244: 'return': conversion from 'float' to 'int', possible loss of data
c:\users\jack\documents\github\digital_sound_generation_project\digital_sound_generation_project\digital_sound_generation_project\main.cpp(91): warning C4244: 'initializing': conversion from 'std::streamoff' to 'size_t', possible loss of data
c:\users\jack\documents\github\digital_sound_generation_project\digital_sound_generation_project\digital_sound_generation_project\main.cpp(94): warning C4244: 'initializing': conversion from 'double' to 'int', possible loss of data
c:\users\jack\documents\github\digital_sound_generation_project\digital_sound_generation_project\digital_sound_generation_project\main.cpp(112): warning C4244: 'initializing': conversion from 'double' to 'float', possible loss of data
c:\users\jack\documents\github\digital_sound_generation_project\digital_sound_generation_project\digital_sound_generation_project\main.cpp(115): warning C4244: 'argument': conversion from 'double' to 'float', possible loss of data
c:\users\jack\documents\github\digital_sound_generation_project\digital_sound_generation_project\digital_sound_generation_project\main.cpp(131): warning C4244: 'argument': conversion from 'const double' to 'int', possible loss of data
c:\users\jack\documents\github\digital_sound_generation_project\digital_sound_generation_project\digital_sound_generation_project\main.cpp(131): warning C4244: 'initializing': conversion from 'float' to 'int', possible loss of data
c:\users\jack\documents\github\digital_sound_generation_project\digital_sound_generation_project\digital_sound_generation_project\main.cpp(132): warning C4244: 'argument': conversion from 'const double' to 'int', possible loss of data
c:\users\jack\documents\github\digital_sound_generation_project\digital_sound_generation_project\digital_sound_generation_project\main.cpp(132): warning C4244: 'initializing': conversion from 'float' to 'int', possible loss of data
c:\users\jack\documents\github\digital_sound_generation_project\digital_sound_generation_project\digital_sound_generation_project\main.cpp(144): warning C4244: '=': conversion from 'double' to 'int', possible loss of data
c:\users\jack\documents\github\digital_sound_generation_project\digital_sound_generation_project\digital_sound_generation_project\main.cpp(148): warning C4244: '=': conversion from 'double' to 'int', possible loss of data
c:\users\jack\documents\github\digital_sound_generation_project\digital_sound_generation_project\digital_sound_generation_project\main.cpp(149): warning C4244: '=': conversion from 'double' to 'int', possible loss of data
c:\users\jack\documents\github\digital_sound_generation_project\digital_sound_generation_project\digital_sound_generation_project\main.cpp(162): warning C4244: 'initializing': conversion from 'std::streamoff' to 'size_t', possible loss of data
c:\users\jack\documents\github\digital_sound_generation_project\digital_sound_generation_project\digital_sound_generation_project\main.cpp(105): warning C4101: 'newFreq': unreferenced local variable
c:\users\jack\documents\github\digital_sound_generation_project\digital_sound_generation_project\digital_sound_generation_project\main.cpp(106): warning C4101: 'secondFreq': unreferenced local variable
  Generating code
  2 of 275 functions ( 0.7%) were compiled, the rest were copied from previous compilation.
    0 functions were new in current compilation
    0 functions had inline decision re-evaluated but remain unchanged
  Finished generating code
  Digital_sound_generation_project.vcxproj -> C:\Users\Jack\Documents\GitHub\Digital_sound_generation_project\Digital_sound_generation_project\Release\Digital_sound_generation_project.exe
